<?xml version="1.0" encoding="UTF-8"?>
<testng-results ignored="0" total="2" passed="1" failed="1" skipped="0">
  <reporter-output>
  </reporter-output>
  <suite started-at="2025-07-19T16:52:42 EEST" name="Default suite" finished-at="2025-07-19T16:53:56 EEST" duration-ms="74263">
    <groups>
    </groups>
    <test started-at="2025-07-19T16:52:42 EEST" name="Default test" finished-at="2025-07-19T16:53:56 EEST" duration-ms="74263">
      <class name="Tests.RegistrationTest">
        <test-method is-config="true" signature="setupCapabilities()[pri:0, instance:Tests.RegistrationTest@8f4ea7c]" started-at="2025-07-19T16:52:42 EEST" name="setupCapabilities" finished-at="2025-07-19T16:52:42 EEST" duration-ms="6" status="PASS">
          <reporter-output>
          </reporter-output>
        </test-method> <!-- setupCapabilities -->
        <test-method is-config="true" signature="setUp()[pri:0, instance:Tests.RegistrationTest@8f4ea7c]" started-at="2025-07-19T16:52:42 EEST" name="setUp" finished-at="2025-07-19T16:52:50 EEST" duration-ms="8434" status="PASS">
          <reporter-output>
          </reporter-output>
        </test-method> <!-- setUp -->
        <test-method signature="testAllValidationMessages()[pri:0, instance:Tests.RegistrationTest@8f4ea7c]" started-at="2025-07-19T16:52:50 EEST" name="testAllValidationMessages" finished-at="2025-07-19T16:53:19 EEST" duration-ms="28919" status="FAIL">
          <exception class="org.openqa.selenium.TimeoutException">
            <message>
              <![CDATA[Expected condition failed: waiting for visibility of element located by By.xpath: //android.widget.EditText[@hint='Name']/following-sibling::android.widget.TextView (tried for 10 second(s) with 500 milliseconds interval)]]>
            </message>
            <full-stacktrace>
              <![CDATA[org.openqa.selenium.TimeoutException: Expected condition failed: waiting for visibility of element located by By.xpath: //android.widget.EditText[@hint='Name']/following-sibling::android.widget.TextView (tried for 10 second(s) with 500 milliseconds interval)
at org.openqa.selenium.support.ui.WebDriverWait.timeoutException(WebDriverWait.java:95)
at org.openqa.selenium.support.ui.FluentWait.until(FluentWait.java:272)
at Pages.RegistrationPage.getNameValidationMessage(RegistrationPage.java:81)
at Tests.RegistrationTest.testAllValidationMessages(RegistrationTest.java:91)
at java.base/jdk.internal.reflect.DirectMethodHandleAccessor.invoke(DirectMethodHandleAccessor.java:103)
at java.base/java.lang.reflect.Method.invoke(Method.java:580)
at org.testng.internal.invokers.MethodInvocationHelper.invokeMethod(MethodInvocationHelper.java:139)
at org.testng.internal.invokers.TestInvoker.invokeMethod(TestInvoker.java:664)
at org.testng.internal.invokers.TestInvoker.invokeTestMethod(TestInvoker.java:227)
at org.testng.internal.invokers.MethodRunner.runInSequence(MethodRunner.java:50)
at org.testng.internal.invokers.TestInvoker$MethodInvocationAgent.invoke(TestInvoker.java:957)
at org.testng.internal.invokers.TestInvoker.invokeTestMethods(TestInvoker.java:200)
at org.testng.internal.invokers.TestMethodWorker.invokeTestMethods(TestMethodWorker.java:148)
at org.testng.internal.invokers.TestMethodWorker.run(TestMethodWorker.java:128)
at java.base/java.util.ArrayList.forEach(ArrayList.java:1596)
at org.testng.TestRunner.privateRun(TestRunner.java:848)
at org.testng.TestRunner.run(TestRunner.java:621)
at org.testng.SuiteRunner.runTest(SuiteRunner.java:443)
at org.testng.SuiteRunner.runSequentially(SuiteRunner.java:437)
at org.testng.SuiteRunner.privateRun(SuiteRunner.java:397)
at org.testng.SuiteRunner.run(SuiteRunner.java:336)
at org.testng.SuiteRunnerWorker.runSuite(SuiteRunnerWorker.java:52)
at org.testng.SuiteRunnerWorker.run(SuiteRunnerWorker.java:95)
at org.testng.TestNG.runSuitesSequentially(TestNG.java:1280)
at org.testng.TestNG.runSuitesLocally(TestNG.java:1200)
at org.testng.TestNG.runSuites(TestNG.java:1114)
at org.testng.TestNG.run(TestNG.java:1082)
at org.testng.remote.AbstractRemoteTestNG.run(AbstractRemoteTestNG.java:115)
at org.testng.remote.RemoteTestNG.initAndRun(RemoteTestNG.java:293)
at org.testng.remote.RemoteTestNG.main(RemoteTestNG.java:91)
Caused by: org.openqa.selenium.NoSuchElementException: An element could not be located on the page using the given search parameters.
For documentation on this error, please visit: https://www.seleniumhq.org/exceptions/no_such_element.html
Build info: version: '3.141.59', revision: 'e82be7d358', time: '2018-11-14T08:17:03'
System info: host: '192.168.1.4', ip: 'fe80:0:0:0:1836:95e5:8c37:76bb%en0', os.name: 'Mac OS X', os.arch: 'aarch64', os.version: '15.2', java.version: '21.0.5'
Driver info: io.appium.java_client.android.AndroidDriver
Capabilities {appActivity: com.example.tester_task.Mai..., appPackage: com.example.tester_task, automationName: UiAutomator2, databaseEnabled: false, desired: {appActivity: com.example.tester_task.Mai..., appPackage: com.example.tester_task, automationName: UiAutomator2, deviceName: Android Emulator, platformName: android}, deviceApiLevel: 35, deviceManufacturer: samsung, deviceModel: SM-A536E, deviceName: R5CT20ZMYFR, deviceScreenDensity: 450, deviceScreenSize: 1080x2400, deviceUDID: R5CT20ZMYFR, javascriptEnabled: true, locationContextEnabled: false, networkConnectionEnabled: true, pixelRatio: 2.8125, platform: LINUX, platformName: Android, platformVersion: 15, statBarHeight: 87, takesScreenshot: true, viewportRect: {height: 2313, left: 0, top: 87, width: 1080}, warnings: {}, webStorageEnabled: false}
Session ID: 5ba29878-51a5-4bb2-964e-150e296b9f07
*** Element info: {Using=xpath, value=//android.widget.EditText[@hint='Name']/following-sibling::android.widget.TextView}
at java.base/jdk.internal.reflect.DirectConstructorHandleAccessor.newInstance(DirectConstructorHandleAccessor.java:62)
at java.base/java.lang.reflect.Constructor.newInstanceWithCaller(Constructor.java:502)
at java.base/java.lang.reflect.Constructor.newInstance(Constructor.java:486)
at org.openqa.selenium.remote.http.W3CHttpResponseCodec.createException(W3CHttpResponseCodec.java:187)
at org.openqa.selenium.remote.http.W3CHttpResponseCodec.decode(W3CHttpResponseCodec.java:122)
at org.openqa.selenium.remote.http.W3CHttpResponseCodec.decode(W3CHttpResponseCodec.java:49)
at org.openqa.selenium.remote.HttpCommandExecutor.execute(HttpCommandExecutor.java:158)
at io.appium.java_client.remote.AppiumCommandExecutor.execute(AppiumCommandExecutor.java:250)
at org.openqa.selenium.remote.RemoteWebDriver.execute(RemoteWebDriver.java:552)
at io.appium.java_client.DefaultGenericMobileDriver.execute(DefaultGenericMobileDriver.java:41)
at io.appium.java_client.AppiumDriver.execute(AppiumDriver.java:1)
at io.appium.java_client.android.AndroidDriver.execute(AndroidDriver.java:1)
at org.openqa.selenium.remote.RemoteWebDriver.findElement(RemoteWebDriver.java:323)
at io.appium.java_client.DefaultGenericMobileDriver.findElement(DefaultGenericMobileDriver.java:61)
at io.appium.java_client.AppiumDriver.findElement(AppiumDriver.java:1)
at io.appium.java_client.android.AndroidDriver.findElement(AndroidDriver.java:1)
at org.openqa.selenium.remote.RemoteWebDriver.findElementByXPath(RemoteWebDriver.java:428)
at io.appium.java_client.DefaultGenericMobileDriver.findElementByXPath(DefaultGenericMobileDriver.java:151)
at io.appium.java_client.AppiumDriver.findElementByXPath(AppiumDriver.java:1)
at io.appium.java_client.android.AndroidDriver.findElementByXPath(AndroidDriver.java:1)
at org.openqa.selenium.By$ByXPath.findElement(By.java:353)
at org.openqa.selenium.remote.RemoteWebDriver.findElement(RemoteWebDriver.java:315)
at io.appium.java_client.DefaultGenericMobileDriver.findElement(DefaultGenericMobileDriver.java:57)
at io.appium.java_client.AppiumDriver.findElement(AppiumDriver.java:1)
at io.appium.java_client.android.AndroidDriver.findElement(AndroidDriver.java:1)
at org.openqa.selenium.support.ui.ExpectedConditions$7.apply(ExpectedConditions.java:205)
at org.openqa.selenium.support.ui.ExpectedConditions$7.apply(ExpectedConditions.java:201)
at org.openqa.selenium.support.ui.FluentWait.until(FluentWait.java:249)
... 28 more
]]>
            </full-stacktrace>
          </exception> <!-- org.openqa.selenium.TimeoutException -->
          <reporter-output>
          </reporter-output>
        </test-method> <!-- testAllValidationMessages -->
        <test-method is-config="true" signature="tearDown()[pri:0, instance:Tests.RegistrationTest@8f4ea7c]" started-at="2025-07-19T16:53:19 EEST" name="tearDown" finished-at="2025-07-19T16:53:21 EEST" duration-ms="1082" status="PASS">
          <reporter-output>
          </reporter-output>
        </test-method> <!-- tearDown -->
        <test-method is-config="true" signature="setUp()[pri:0, instance:Tests.RegistrationTest@8f4ea7c]" started-at="2025-07-19T16:53:21 EEST" name="setUp" finished-at="2025-07-19T16:53:28 EEST" duration-ms="7772" status="PASS">
          <reporter-output>
          </reporter-output>
        </test-method> <!-- setUp -->
        <test-method signature="testValidRegistration()[pri:0, instance:Tests.RegistrationTest@8f4ea7c]" started-at="2025-07-19T16:53:28 EEST" name="testValidRegistration" finished-at="2025-07-19T16:53:55 EEST" duration-ms="27066" status="PASS">
          <reporter-output>
          </reporter-output>
        </test-method> <!-- testValidRegistration -->
        <test-method is-config="true" signature="tearDown()[pri:0, instance:Tests.RegistrationTest@8f4ea7c]" started-at="2025-07-19T16:53:55 EEST" name="tearDown" finished-at="2025-07-19T16:53:56 EEST" duration-ms="941" status="PASS">
          <reporter-output>
          </reporter-output>
        </test-method> <!-- tearDown -->
      </class> <!-- Tests.RegistrationTest -->
    </test> <!-- Default test -->
  </suite> <!-- Default suite -->
</testng-results>
